  Assembling Source.asm...
Source.asm(1): error A2008: syntax error : .
Source.asm(2): error A2008: syntax error : .
Source.asm(3): error A2008: syntax error : .
Source.asm(19): error A2070: invalid instruction operands
Source.asm(20): error A2070: invalid instruction operands
Source.asm(21): error A2070: invalid instruction operands
Source.asm(22): error A2070: invalid instruction operands
Source.asm(36): error A2070: invalid instruction operands
Source.asm(37): error A2070: invalid instruction operands
Source.asm(38): error A2070: invalid instruction operands
Source.asm(39): error A2070: invalid instruction operands
Source.asm(44): error A2070: invalid instruction operands
Source.asm(45): error A2070: invalid instruction operands
Source.asm(46): error A2070: invalid instruction operands
Source.asm(47): error A2070: invalid instruction operands
Source.asm(60): error A2070: invalid instruction operands
Source.asm(61): error A2070: invalid instruction operands
Source.asm(62): error A2070: invalid instruction operands
Source.asm(63): error A2070: invalid instruction operands
Source.asm(68): error A2070: invalid instruction operands
Source.asm(74): error A2070: invalid instruction operands
Source.asm(79): error A2070: invalid instruction operands
Source.asm(85): error A2070: invalid instruction operands
Source.asm(125): error A2008: syntax error : invoke
Source.asm(127): error A2008: syntax error : Start
Source.asm(127): error A2088: END directive required at end of file
C:\Program Files\Microsoft Visual Studio\2022\Community\MSBuild\Microsoft\VC\v170\BuildCustomizations\masm.targets(70,5): error MSB3721: The command "ml64.exe /c /nologo /Zi /Fo"x64\Debug\Source.obj" /W3 /errorReport:prompt  /TaSource.asm" exited with code 1.
